Using pre-set license
Built from '2021.3/release' branch; Version is '2021.3.17f1 (3e8111cac19d) revision 4096273'; Using compiler version '192829333'; Build Type 'Release'
OS: 'Windows 10  (10.0.19044) 64bit Core' Language: 'en' Physical Memory: 32531 MB
BatchMode: 1, IsHumanControllingUs: 0, StartBugReporterOnCrash: 0, Is64bit: 1, IsPro: 1

COMMAND LINE ARGUMENTS:
C:\Program Files\Unity\Hub\Editor\2021.3.17f1\Editor\Unity.exe
-adb2
-batchMode
-noUpm
-name
AssetImportWorker0
-projectPath
C:/Users/mscVRstudent22/source/repos/BeeTeam/My project
-logFile
Logs/AssetImportWorker0.log
-srvPort
58698
Successfully changed project path to: C:/Users/mscVRstudent22/source/repos/BeeTeam/My project
C:/Users/mscVRstudent22/source/repos/BeeTeam/My project
[UnityMemory] Configuration Parameters - Can be set up in boot.config
    "memorysetup-bucket-allocator-granularity=16"
    "memorysetup-bucket-allocator-bucket-count=8"
    "memorysetup-bucket-allocator-block-size=33554432"
    "memorysetup-bucket-allocator-block-count=8"
    "memorysetup-main-allocator-block-size=16777216"
    "memorysetup-thread-allocator-block-size=16777216"
    "memorysetup-gfx-main-allocator-block-size=16777216"
    "memorysetup-gfx-thread-allocator-block-size=16777216"
    "memorysetup-cache-allocator-block-size=4194304"
    "memorysetup-typetree-allocator-block-size=2097152"
    "memorysetup-profiler-bucket-allocator-granularity=16"
    "memorysetup-profiler-bucket-allocator-bucket-count=8"
    "memorysetup-profiler-bucket-allocator-block-size=33554432"
    "memorysetup-profiler-bucket-allocator-block-count=8"
    "memorysetup-profiler-allocator-block-size=16777216"
    "memorysetup-profiler-editor-allocator-block-size=1048576"
    "memorysetup-temp-allocator-size-main=16777216"
    "memorysetup-job-temp-allocator-block-size=2097152"
    "memorysetup-job-temp-allocator-block-size-background=1048576"
    "memorysetup-job-temp-allocator-reduction-small-platforms=262144"
    "memorysetup-temp-allocator-size-background-worker=32768"
    "memorysetup-temp-allocator-size-job-worker=262144"
    "memorysetup-temp-allocator-size-preload-manager=33554432"
    "memorysetup-temp-allocator-size-nav-mesh-worker=65536"
    "memorysetup-temp-allocator-size-audio-worker=65536"
    "memorysetup-temp-allocator-size-cloud-worker=32768"
    "memorysetup-temp-allocator-size-gi-baking-worker=262144"
    "memorysetup-temp-allocator-size-gfx=262144"
Player connection [42100] Host "[IP] 192.168.159.187 [Port] 0 [Flags] 2 [Guid] 2536468863 [EditorId] 2536468863 [Version] 1048832 [Id] WindowsEditor(7,LAPTOP-H2TR7F5M) [Debug] 1 [PackageName] WindowsEditor [ProjectName] Editor" joined multi-casting on [225.0.0.222:54997]...

Player connection [42100] Host "[IP] 192.168.159.187 [Port] 0 [Flags] 2 [Guid] 2536468863 [EditorId] 2536468863 [Version] 1048832 [Id] WindowsEditor(7,LAPTOP-H2TR7F5M) [Debug] 1 [PackageName] WindowsEditor [ProjectName] Editor" joined alternative multi-casting on [225.0.0.222:34997]...

Refreshing native plugins compatible for Editor in 97.94 ms, found 3 plugins.
Preloading 0 native plugins for Editor in 0.00 ms.
Initialize engine version: 2021.3.17f1 (3e8111cac19d)
[Subsystems] Discovering subsystems at path C:/Program Files/Unity/Hub/Editor/2021.3.17f1/Editor/Data/Resources/UnitySubsystems
[Subsystems] Discovering subsystems at path C:/Users/mscVRstudent22/source/repos/BeeTeam/My project/Assets
GfxDevice: creating device client; threaded=0; jobified=0
Direct3D:
    Version:  Direct3D 11.0 [level 11.1]
    Renderer: NVIDIA GeForce RTX 3060 Laptop GPU (ID=0x2520)
    Vendor:   NVIDIA
    VRAM:     6009 MB
    Driver:   31.0.15.3129
Initialize mono
Mono path[0] = 'C:/Program Files/Unity/Hub/Editor/2021.3.17f1/Editor/Data/Managed'
Mono path[1] = 'C:/Program Files/Unity/Hub/Editor/2021.3.17f1/Editor/Data/MonoBleedingEdge/lib/mono/unityjit-win32'
Mono config path = 'C:/Program Files/Unity/Hub/Editor/2021.3.17f1/Editor/Data/MonoBleedingEdge/etc'
Using monoOptions --debugger-agent=transport=dt_socket,embedding=1,server=y,suspend=n,address=127.0.0.1:56616
Begin MonoManager ReloadAssembly
Registering precompiled unity dll's ...
Register platform support module: C:/Program Files/Unity/Hub/Editor/2021.3.17f1/Editor/Data/PlaybackEngines/AndroidPlayer/UnityEditor.Android.Extensions.dll
Register platform support module: C:/Program Files/Unity/Hub/Editor/2021.3.17f1/Editor/Data/PlaybackEngines/WindowsStandaloneSupport/UnityEditor.WindowsStandalone.Extensions.dll
Registered in 0.006687 seconds.
Native extension for WindowsStandalone target not found
Native extension for Android target not found
Android Extension - Scanning For ADB Devices 269 ms
Refreshing native plugins compatible for Editor in 167.97 ms, found 3 plugins.
Preloading 0 native plugins for Editor in 0.00 ms.
Mono: successfully reloaded assembly
- Completed reload, in  0.955 seconds
Domain Reload Profiling:
	ReloadAssembly (955ms)
		BeginReloadAssembly (62ms)
			ExecutionOrderSort (0ms)
			DisableScriptedObjects (0ms)
			BackupInstance (0ms)
			ReleaseScriptingObjects (0ms)
			CreateAndSetChildDomain (1ms)
		EndReloadAssembly (797ms)
			LoadAssemblies (60ms)
			RebuildTransferFunctionScriptingTraits (0ms)
			SetupTypeCache (95ms)
			ReleaseScriptCaches (0ms)
			RebuildScriptCaches (26ms)
			SetupLoadedEditorAssemblies (630ms)
				LogAssemblyErrors (0ms)
				InitializePlatformSupportModulesInManaged (340ms)
				SetLoadedEditorAssemblies (0ms)
				RefreshPlugins (168ms)
				BeforeProcessingInitializeOnLoad (2ms)
				ProcessInitializeOnLoadAttributes (81ms)
				ProcessInitializeOnLoadMethodAttributes (39ms)
				AfterProcessingInitializeOnLoad (0ms)
				EditorAssembliesLoaded (0ms)
			ExecutionOrderSort2 (0ms)
			AwakeInstancesAfterBackupRestoration (0ms)
Platform modules already initialized, skipping
Registering precompiled user dll's ...
Registered in 0.007273 seconds.
Begin MonoManager ReloadAssembly
Native extension for WindowsStandalone target not found
Native extension for Android target not found
Refreshing native plugins compatible for Editor in 103.33 ms, found 3 plugins.
Preloading 0 native plugins for Editor in 0.00 ms.
Mono: successfully reloaded assembly
- Completed reload, in  1.207 seconds
Domain Reload Profiling:
	ReloadAssembly (1207ms)
		BeginReloadAssembly (101ms)
			ExecutionOrderSort (0ms)
			DisableScriptedObjects (4ms)
			BackupInstance (0ms)
			ReleaseScriptingObjects (0ms)
			CreateAndSetChildDomain (23ms)
		EndReloadAssembly (1005ms)
			LoadAssemblies (88ms)
			RebuildTransferFunctionScriptingTraits (0ms)
			SetupTypeCache (238ms)
			ReleaseScriptCaches (1ms)
			RebuildScriptCaches (54ms)
			SetupLoadedEditorAssemblies (578ms)
				LogAssemblyErrors (0ms)
				InitializePlatformSupportModulesInManaged (16ms)
				SetLoadedEditorAssemblies (0ms)
				RefreshPlugins (103ms)
				BeforeProcessingInitializeOnLoad (96ms)
				ProcessInitializeOnLoadAttributes (291ms)
				ProcessInitializeOnLoadMethodAttributes (64ms)
				AfterProcessingInitializeOnLoad (7ms)
				EditorAssembliesLoaded (0ms)
			ExecutionOrderSort2 (0ms)
			AwakeInstancesAfterBackupRestoration (6ms)
Platform modules already initialized, skipping
========================================================================
Worker process is ready to serve import requests
Launched and connected shader compiler UnityShaderCompiler.exe after 0.04 seconds
Refreshing native plugins compatible for Editor in 1.12 ms, found 3 plugins.
Preloading 0 native plugins for Editor in 0.00 ms.
Unloading 5859 Unused Serialized files (Serialized files now loaded: 0)
Unloading 37 unused Assets / (0.7 MB). Loaded Objects now: 6317.
Memory consumption went from 228.1 MB to 227.4 MB.
Total: 3.592200 ms (FindLiveObjects: 0.477000 ms CreateObjectMapping: 0.252600 ms MarkObjects: 2.577700 ms  DeleteObjects: 0.284100 ms)

AssetImportParameters requested are different than current active one (requested -> active):
  custom:video-decoder-ogg-theora: a1e56fd34408186e4bbccfd4996cb3dc -> 
  custom:container-muxer-webm: aa71ff27fc2769a1b78a27578f13a17b -> 
  custom:container-demuxer-webm: 4f35f7cbe854078d1ac9338744f61a02 -> 
  custom:video-encoder-webm-vp8: eb34c28f22e8b96e1ab97ce403110664 -> 
  custom:audio-encoder-webm-vorbis: bf7c407c2cedff20999df2af8eb42d56 -> 
  custom:framework-win-MediaFoundation: 216162199b28c13a410421893ffa2e32 -> 
  custom:container-demuxer-ogg: 62fdf1f143b41e24485cea50d1cbac27 -> 
  custom:video-decoder-webm-vp8: 9c59270c3fd7afecdb556c50c9e8de78 -> 
  custom:audio-decoder-ogg-vorbis: bf7c407c2cedff20999df2af8eb42d56 -> 
========================================================================
Received Prepare
Registering precompiled user dll's ...
Registered in 0.007247 seconds.
Begin MonoManager ReloadAssembly
Native extension for WindowsStandalone target not found
Native extension for Android target not found
Refreshing native plugins compatible for Editor in 2.24 ms, found 3 plugins.
Preloading 0 native plugins for Editor in 0.00 ms.
Mono: successfully reloaded assembly
- Completed reload, in  1.088 seconds
Domain Reload Profiling:
	ReloadAssembly (1089ms)
		BeginReloadAssembly (121ms)
			ExecutionOrderSort (0ms)
			DisableScriptedObjects (4ms)
			BackupInstance (0ms)
			ReleaseScriptingObjects (0ms)
			CreateAndSetChildDomain (42ms)
		EndReloadAssembly (885ms)
			LoadAssemblies (81ms)
			RebuildTransferFunctionScriptingTraits (0ms)
			SetupTypeCache (255ms)
			ReleaseScriptCaches (4ms)
			RebuildScriptCaches (58ms)
			SetupLoadedEditorAssemblies (412ms)
				LogAssemblyErrors (0ms)
				InitializePlatformSupportModulesInManaged (21ms)
				SetLoadedEditorAssemblies (0ms)
				RefreshPlugins (2ms)
				BeforeProcessingInitializeOnLoad (76ms)
				ProcessInitializeOnLoadAttributes (240ms)
				ProcessInitializeOnLoadMethodAttributes (64ms)
				AfterProcessingInitializeOnLoad (8ms)
				EditorAssembliesLoaded (0ms)
			ExecutionOrderSort2 (0ms)
			AwakeInstancesAfterBackupRestoration (11ms)
Platform modules already initialized, skipping
Refreshing native plugins compatible for Editor in 2.59 ms, found 3 plugins.
Preloading 0 native plugins for Editor in 0.00 ms.
Unloading 5720 Unused Serialized files (Serialized files now loaded: 0)
Unloading 28 unused Assets / (0.7 MB). Loaded Objects now: 6320.
Memory consumption went from 231.2 MB to 230.5 MB.
Total: 4.608500 ms (FindLiveObjects: 0.524200 ms CreateObjectMapping: 0.360400 ms MarkObjects: 3.359000 ms  DeleteObjects: 0.363700 ms)

AssetImportParameters requested are different than current active one (requested -> active):
  custom:video-decoder-ogg-theora: a1e56fd34408186e4bbccfd4996cb3dc -> 
  custom:container-muxer-webm: aa71ff27fc2769a1b78a27578f13a17b -> 
  custom:container-demuxer-webm: 4f35f7cbe854078d1ac9338744f61a02 -> 
  custom:video-encoder-webm-vp8: eb34c28f22e8b96e1ab97ce403110664 -> 
  custom:audio-encoder-webm-vorbis: bf7c407c2cedff20999df2af8eb42d56 -> 
  custom:framework-win-MediaFoundation: 216162199b28c13a410421893ffa2e32 -> 
  custom:container-demuxer-ogg: 62fdf1f143b41e24485cea50d1cbac27 -> 
  custom:video-decoder-webm-vp8: 9c59270c3fd7afecdb556c50c9e8de78 -> 
  custom:audio-decoder-ogg-vorbis: bf7c407c2cedff20999df2af8eb42d56 -> 
========================================================================
Received Import Request.
  Time since last request: 6083.651668 seconds.
  path: Assets/Samples/XR Interaction Toolkit/2.2.0/Starter Assets
  artifactKey: Guid(6acd7c6a5294f574aadffe00b948cace) Importer(815301076,1909f56bfc062723c751e8b465ee728b)
Start importing Assets/Samples/XR Interaction Toolkit/2.2.0/Starter Assets using Guid(6acd7c6a5294f574aadffe00b948cace) Importer(815301076,1909f56bfc062723c751e8b465ee728b)  -> (artifact id: 'f1ce170a9b5f164a58260dcfd27cd74a') in 0.019129 seconds 
========================================================================
Received Import Request.
  Time since last request: 20.167381 seconds.
  path: Assets/James/Scripts
  artifactKey: Guid(e07c9883554c08e488180756d5a1c238) Importer(815301076,1909f56bfc062723c751e8b465ee728b)
Start importing Assets/James/Scripts using Guid(e07c9883554c08e488180756d5a1c238) Importer(815301076,1909f56bfc062723c751e8b465ee728b)  -> (artifact id: 'c7dffcd7ad9ad3aefadbe7d6adb3aeb0') in 0.010043 seconds 
========================================================================
Received Import Request.
  Time since last request: 1.255933 seconds.
  path: Assets/James/Scripts/HoneyPoints.cs
  artifactKey: Guid(bb25fd5324cb3b242b659f1f61d37a2c) Importer(815301076,1909f56bfc062723c751e8b465ee728b)
Start importing Assets/James/Scripts/HoneyPoints.cs using Guid(bb25fd5324cb3b242b659f1f61d37a2c) Importer(815301076,1909f56bfc062723c751e8b465ee728b)  -> (artifact id: '2c33d996e50238340bfcdf7a995347cc') in 0.024700 seconds 
========================================================================
Received Prepare
Registering precompiled user dll's ...
Registered in 0.005824 seconds.
Begin MonoManager ReloadAssembly
Native extension for WindowsStandalone target not found
Native extension for Android target not found
Refreshing native plugins compatible for Editor in 1.00 ms, found 3 plugins.
Preloading 0 native plugins for Editor in 0.00 ms.
Mono: successfully reloaded assembly
- Completed reload, in  1.054 seconds
Domain Reload Profiling:
	ReloadAssembly (1054ms)
		BeginReloadAssembly (133ms)
			ExecutionOrderSort (0ms)
			DisableScriptedObjects (4ms)
			BackupInstance (0ms)
			ReleaseScriptingObjects (0ms)
			CreateAndSetChildDomain (41ms)
		EndReloadAssembly (825ms)
			LoadAssemblies (93ms)
			RebuildTransferFunctionScriptingTraits (0ms)
			SetupTypeCache (233ms)
			ReleaseScriptCaches (2ms)
			RebuildScriptCaches (36ms)
			SetupLoadedEditorAssemblies (416ms)
				LogAssemblyErrors (0ms)
				InitializePlatformSupportModulesInManaged (24ms)
				SetLoadedEditorAssemblies (0ms)
				RefreshPlugins (1ms)
				BeforeProcessingInitializeOnLoad (81ms)
				ProcessInitializeOnLoadAttributes (241ms)
				ProcessInitializeOnLoadMethodAttributes (62ms)
				AfterProcessingInitializeOnLoad (6ms)
				EditorAssembliesLoaded (0ms)
			ExecutionOrderSort2 (0ms)
			AwakeInstancesAfterBackupRestoration (11ms)
Platform modules already initialized, skipping
Refreshing native plugins compatible for Editor in 4.08 ms, found 3 plugins.
Preloading 0 native plugins for Editor in 0.00 ms.
Unloading 5720 Unused Serialized files (Serialized files now loaded: 0)
Unloading 28 unused Assets / (0.7 MB). Loaded Objects now: 6323.
Memory consumption went from 231.2 MB to 230.5 MB.
Total: 5.616000 ms (FindLiveObjects: 1.427900 ms CreateObjectMapping: 0.530700 ms MarkObjects: 3.132100 ms  DeleteObjects: 0.523800 ms)

AssetImportParameters requested are different than current active one (requested -> active):
  custom:video-decoder-ogg-theora: a1e56fd34408186e4bbccfd4996cb3dc -> 
  custom:container-muxer-webm: aa71ff27fc2769a1b78a27578f13a17b -> 
  custom:container-demuxer-webm: 4f35f7cbe854078d1ac9338744f61a02 -> 
  custom:video-encoder-webm-vp8: eb34c28f22e8b96e1ab97ce403110664 -> 
  custom:audio-encoder-webm-vorbis: bf7c407c2cedff20999df2af8eb42d56 -> 
  custom:framework-win-MediaFoundation: 216162199b28c13a410421893ffa2e32 -> 
  custom:container-demuxer-ogg: 62fdf1f143b41e24485cea50d1cbac27 -> 
  custom:video-decoder-webm-vp8: 9c59270c3fd7afecdb556c50c9e8de78 -> 
  custom:audio-decoder-ogg-vorbis: bf7c407c2cedff20999df2af8eb42d56 -> 
========================================================================
Received Import Request.
  Time since last request: 60.407324 seconds.
  path: Assets/James/Scripts/Fly.cs
  artifactKey: Guid(c798ef491abd55640988ae6746972c48) Importer(815301076,1909f56bfc062723c751e8b465ee728b)
Start importing Assets/James/Scripts/Fly.cs using Guid(c798ef491abd55640988ae6746972c48) Importer(815301076,1909f56bfc062723c751e8b465ee728b)  -> (artifact id: '9e455b23850766161b1a489bb6210f72') in 0.021890 seconds 
========================================================================
Received Import Request.
  Time since last request: 237.383531 seconds.
  path: Assets/James/Scripts/FlowerPoint.cs
  artifactKey: Guid(e4edd532a027a44488545591c51adb58) Importer(815301076,1909f56bfc062723c751e8b465ee728b)
Start importing Assets/James/Scripts/FlowerPoint.cs using Guid(e4edd532a027a44488545591c51adb58) Importer(815301076,1909f56bfc062723c751e8b465ee728b)  -> (artifact id: '747b0e2a55b24dbd3d1998d5ad83c802') in 0.008793 seconds 
========================================================================
Received Import Request.
  Time since last request: 0.415277 seconds.
  path: Assets/James/Scripts/Boundry.cs
  artifactKey: Guid(426c9856430c48c4a930cd481ea98d09) Importer(815301076,1909f56bfc062723c751e8b465ee728b)
Start importing Assets/James/Scripts/Boundry.cs using Guid(426c9856430c48c4a930cd481ea98d09) Importer(815301076,1909f56bfc062723c751e8b465ee728b)  -> (artifact id: '3048d446ef9ac503e769320e07c58af3') in 0.008780 seconds 
========================================================================
Received Import Request.
  Time since last request: 0.309315 seconds.
  path: Assets/James/Scripts/BeeMovement.cs
  artifactKey: Guid(29adfd4f0659c5745aab5dd770efe704) Importer(815301076,1909f56bfc062723c751e8b465ee728b)
Start importing Assets/James/Scripts/BeeMovement.cs using Guid(29adfd4f0659c5745aab5dd770efe704) Importer(815301076,1909f56bfc062723c751e8b465ee728b)  -> (artifact id: '0a42d84011afa5f74bdc6129dee71a14') in 0.008733 seconds 
========================================================================
Received Import Request.
  Time since last request: 14.222967 seconds.
  path: Assets/James/Materials/posy_0.mat
  artifactKey: Guid(fd15919aa89dc7a48824c25ff5af92ea) Importer(815301076,1909f56bfc062723c751e8b465ee728b)
Start importing Assets/James/Materials/posy_0.mat using Guid(fd15919aa89dc7a48824c25ff5af92ea) Importer(815301076,1909f56bfc062723c751e8b465ee728b)  -> (artifact id: 'e362203e139797d4b43ed7303db285b8') in 0.235228 seconds 
========================================================================
Received Import Request.
  Time since last request: 0.000028 seconds.
  path: Assets/James/Materials/TexturesCom_Wood_SidingOutdoor1_2x2_1K_ao.mat
  artifactKey: Guid(43197e3285e8a7c48850ce4ecf74dd77) Importer(815301076,1909f56bfc062723c751e8b465ee728b)
Start importing Assets/James/Materials/TexturesCom_Wood_SidingOutdoor1_2x2_1K_ao.mat using Guid(43197e3285e8a7c48850ce4ecf74dd77) Importer(815301076,1909f56bfc062723c751e8b465ee728b)  -> (artifact id: 'f7963944f4d9e2601198ddf369a9067e') in 0.019545 seconds 
========================================================================
Received Import Request.
  Time since last request: 0.000037 seconds.
  path: Assets/James/Materials/TexturesCom_Wood_SidingOutdoor1_2x2_1K_ao 2.mat
  artifactKey: Guid(58ba8bf2c3fce80469825da673bfa3d2) Importer(815301076,1909f56bfc062723c751e8b465ee728b)
Start importing Assets/James/Materials/TexturesCom_Wood_SidingOutdoor1_2x2_1K_ao 2.mat using Guid(58ba8bf2c3fce80469825da673bfa3d2) Importer(815301076,1909f56bfc062723c751e8b465ee728b)  -> (artifact id: '7f0c8d36622c51404f5326b082b33b7f') in 0.035561 seconds 
========================================================================
Received Import Request.
  Time since last request: 3.812632 seconds.
  path: Assets/James/PreFabs/PP_Daffodil_03.prefab
  artifactKey: Guid(b52ecfe42122d53439ac3b1b2dc44d1b) Importer(815301076,1909f56bfc062723c751e8b465ee728b)
Start importing Assets/James/PreFabs/PP_Daffodil_03.prefab using Guid(b52ecfe42122d53439ac3b1b2dc44d1b) Importer(815301076,1909f56bfc062723c751e8b465ee728b)  -> (artifact id: 'a2e58872a154e8d45e0e60940e9f4e47') in 0.029263 seconds 
